<?xml version="1.0" encoding="UTF-8"?>
<!-- Generated by org.testng.reporters.JUnitXMLReporter -->
<testsuite ignored="0" hostname="LAPTOP-VHN20HQL" failures="1" tests="1" name="Test" time="50.141" errors="0" timestamp="2025-07-11T18:35:16 IST">
  <testcase classname="com.Test_Merchant_TestCases.TC002_Invalid_Login_Validation_TestCase" name="validate_The_Error_Handling_Of_Incorrect_Credentials" time="1.334">
    <failure type="java.lang.AssertionError" message="expected [1 Invalid username or password] but found [Invalid username or password]">
      <![CDATA[java.lang.AssertionError: expected [1 Invalid username or password] but found [Invalid username or password]
at com.Test_Merchant_TestCases.TC002_Invalid_Login_Validation_TestCase.validate_The_Error_Handling_Of_Incorrect_Credentials(TC002_Invalid_Login_Validation_TestCase.java:34)
at java.base/java.util.ArrayList.forEach(ArrayList.java:1511)
... Removed 33 stack frames]]>
    </failure>
  </testcase> <!-- validate_The_Error_Handling_Of_Incorrect_Credentials -->
</testsuite> <!-- Test -->
